<?xml version="1.0" encoding="UTF-8"?>
<testsuite xmlns:xsi="http://www.w3.org/2001/XMLSchema-instance" xsi:noNamespaceSchemaLocation="https://maven.apache.org/surefire/maven-surefire-plugin/xsd/surefire-test-report-3.0.xsd" version="3.0" name="com.envisalink.blueiris.EnvisalinkListenerTest" time="2.876" tests="5" errors="0" skipped="0" failures="0">
  <properties>
[...]
</properties>
  <testcase name="testStart" classname="com.envisalink.blueiris.EnvisalinkListenerTest" time="2.234">
    <system-out><![CDATA[2025-08-12 01:52:44,955 main ERROR Could not reconfigure JMX java.lang.LinkageError: loader constraint violation: loader org.powermock.core.classloader.javassist.JavassistMockClassLoader @670b40af wants to load interface javax.management.MBeanServer. A different interface with the same name was previously loaded by 'bootstrap'. (javax.management.MBeanServer is in module java.management of loader 'bootstrap')
	at java.base/java.lang.ClassLoader.defineClass1(Native Method)
	at java.base/java.lang.ClassLoader.defineClass(ClassLoader.java:1027)
	at org.powermock.core.classloader.javassist.JavassistMockClassLoader.loadUnmockedClass(JavassistMockClassLoader.java:90)
	at org.powermock.core.classloader.MockClassLoader.loadClassByThisClassLoader(MockClassLoader.java:104)
	at org.powermock.core.classloader.DeferSupportingClassLoader.loadClass1(DeferSupportingClassLoader.java:147)
	at org.powermock.core.classloader.DeferSupportingClassLoader.loadClass(DeferSupportingClassLoader.java:98)
	at java.base/java.lang.ClassLoader.loadClass(ClassLoader.java:526)
	at org.apache.logging.log4j.core.jmx.Server.unregisterAllMatching(Server.java:337)
	at org.apache.logging.log4j.core.jmx.Server.unregisterLoggerContext(Server.java:261)
	at org.apache.logging.log4j.core.jmx.Server.reregisterMBeansAfterReconfigure(Server.java:165)
	at org.apache.logging.log4j.core.jmx.Server.reregisterMBeansAfterReconfigure(Server.java:141)
	at org.apache.logging.log4j.core.LoggerContext.setConfiguration(LoggerContext.java:637)
	at org.apache.logging.log4j.core.LoggerContext.reconfigure(LoggerContext.java:699)
	at org.apache.logging.log4j.core.LoggerContext.reconfigure(LoggerContext.java:716)
	at org.apache.logging.log4j.core.LoggerContext.start(LoggerContext.java:270)
	at org.apache.logging.log4j.core.impl.Log4jContextFactory.getContext(Log4jContextFactory.java:155)
	at org.apache.logging.log4j.core.impl.Log4jContextFactory.getContext(Log4jContextFactory.java:47)
	at org.apache.logging.log4j.LogManager.getContext(LogManager.java:196)
	at org.apache.logging.log4j.LogManager.getLogger(LogManager.java:599)
	at com.envisalink.blueiris.Config.<clinit>(Config.java:13)
	at jdk.internal.reflect.GeneratedSerializationConstructorAccessor4.newInstance(Unknown Source)
	at java.base/java.lang.reflect.Constructor.newInstanceWithCaller(Constructor.java:502)
	at java.base/java.lang.reflect.Constructor.newInstance(Constructor.java:486)
	at org.objenesis.instantiator.sun.SunReflectionFactoryInstantiator.newInstance(SunReflectionFactoryInstantiator.java:48)
	at org.objenesis.ObjenesisBase.newInstance(ObjenesisBase.java:73)
	at org.mockito.internal.creation.instance.ObjenesisInstantiator.newInstance(ObjenesisInstantiator.java:19)
	at org.mockito.internal.creation.bytebuddy.SubclassByteBuddyMockMaker.createMock(SubclassByteBuddyMockMaker.java:47)
	at org.mockito.internal.creation.bytebuddy.ByteBuddyMockMaker.createMock(ByteBuddyMockMaker.java:25)
	at org.powermock.api.mockito.mockmaker.PowerMockMaker.createMock(PowerMockMaker.java:41)
	at org.mockito.internal.util.MockUtil.createMock(MockUtil.java:35)
	at org.mockito.internal.MockitoCore.mock(MockitoCore.java:62)
	at org.mockito.Mockito.mock(Mockito.java:1908)
	at org.powermock.api.mockito.internal.mockcreation.DefaultMockCreator.createMethodInvocationControl(DefaultMockCreator.java:108)
	at org.powermock.api.mockito.internal.mockcreation.DefaultMockCreator.doCreateMock(DefaultMockCreator.java:61)
	at org.powermock.api.mockito.internal.mockcreation.DefaultMockCreator.createMock(DefaultMockCreator.java:53)
	at org.powermock.api.mockito.internal.mockcreation.DefaultMockCreator.mock(DefaultMockCreator.java:40)
	at org.powermock.api.mockito.PowerMockito.mock(PowerMockito.java:181)
	at org.powermock.api.extension.listener.AnnotationEnabler.standardInject(AnnotationEnabler.java:98)
	at org.powermock.api.extension.listener.AnnotationEnabler.beforeTestMethod(AnnotationEnabler.java:55)
	at org.powermock.tests.utils.impl.PowerMockTestNotifierImpl.notifyBeforeTestMethod(PowerMockTestNotifierImpl.java:82)
	at org.powermock.modules.junit4.internal.impl.PowerMockJUnit44RunnerDelegateImpl$PowerMockJUnit44MethodRunner.executeTest(PowerMockJUnit44RunnerDelegateImpl.java:308)
	at org.powermock.modules.junit4.internal.impl.PowerMockJUnit47RunnerDelegateImpl$PowerMockJUnit47MethodRunner.executeTestInSuper(PowerMockJUnit47RunnerDelegateImpl.java:131)
	at org.powermock.modules.junit4.internal.impl.PowerMockJUnit47RunnerDelegateImpl$PowerMockJUnit47MethodRunner.access$100(PowerMockJUnit47RunnerDelegateImpl.java:59)
	at org.powermock.modules.junit4.internal.impl.PowerMockJUnit47RunnerDelegateImpl$PowerMockJUnit47MethodRunner$TestExecutorStatement.evaluate(PowerMockJUnit47RunnerDelegateImpl.java:147)
	at org.powermock.modules.junit4.internal.impl.PowerMockJUnit47RunnerDelegateImpl$PowerMockJUnit47MethodRunner.evaluateStatement(PowerMockJUnit47RunnerDelegateImpl.java:107)
	at org.powermock.modules.junit4.internal.impl.PowerMockJUnit47RunnerDelegateImpl$PowerMockJUnit47MethodRunner.executeTest(PowerMockJUnit47RunnerDelegateImpl.java:82)
	at org.powermock.modules.junit4.internal.impl.PowerMockJUnit44RunnerDelegateImpl$PowerMockJUnit44MethodRunner.runBeforesThenTestThenAfters(PowerMockJUnit44RunnerDelegateImpl.java:298)
	at org.junit.internal.runners.MethodRoadie.runTest(MethodRoadie.java:87)
	at org.junit.internal.runners.MethodRoadie.run(MethodRoadie.java:50)
	at org.powermock.modules.junit4.internal.impl.PowerMockJUnit44RunnerDelegateImpl.invokeTestMethod(PowerMockJUnit44RunnerDelegateImpl.java:218)
	at org.powermock.modules.junit4.internal.impl.PowerMockJUnit44RunnerDelegateImpl.runMethods(PowerMockJUnit44RunnerDelegateImpl.java:160)
	at org.powermock.modules.junit4.internal.impl.PowerMockJUnit44RunnerDelegateImpl$1.run(PowerMockJUnit44RunnerDelegateImpl.java:134)
	at org.junit.internal.runners.ClassRoadie.runUnprotected(ClassRoadie.java:34)
	at org.junit.internal.runners.ClassRoadie.runProtected(ClassRoadie.java:44)
	at org.powermock.modules.junit4.internal.impl.PowerMockJUnit44RunnerDelegateImpl.run(PowerMockJUnit44RunnerDelegateImpl.java:136)
	at org.powermock.modules.junit4.common.internal.impl.JUnit4TestSuiteChunkerImpl.run(JUnit4TestSuiteChunkerImpl.java:117)
	at org.powermock.modules.junit4.common.internal.impl.AbstractCommonPowerMockRunner.run(AbstractCommonPowerMockRunner.java:57)
	at org.powermock.modules.junit4.PowerMockRunner.run(PowerMockRunner.java:59)
	at org.apache.maven.surefire.junit4.JUnit4Provider.execute(JUnit4Provider.java:316)
	at org.apache.maven.surefire.junit4.JUnit4Provider.executeWithRerun(JUnit4Provider.java:240)
	at org.apache.maven.surefire.junit4.JUnit4Provider.executeTestSet(JUnit4Provider.java:214)
	at org.apache.maven.surefire.junit4.JUnit4Provider.invoke(JUnit4Provider.java:155)
	at org.apache.maven.surefire.booter.ForkedBooter.runSuitesInProcess(ForkedBooter.java:385)
	at org.apache.maven.surefire.booter.ForkedBooter.execute(ForkedBooter.java:162)
	at org.apache.maven.surefire.booter.ForkedBooter.run(ForkedBooter.java:507)
	at org.apache.maven.surefire.booter.ForkedBooter.main(ForkedBooter.java:495)

2025-08-12 01:52:45.122 [main] INFO  com.envisalink.blueiris.EnvisalinkListener - Connecting to Envisalink at localhost:4025
2025-08-12 01:52:45.204 [main] INFO  com.envisalink.blueiris.EnvisalinkListener - Successfully connected to Envisalink.
]]></system-out>
  </testcase>
  <testcase name="testStop" classname="com.envisalink.blueiris.EnvisalinkListenerTest" time="0.006">
    <system-out><![CDATA[2025-08-12 01:52:45.222 [main] INFO  com.envisalink.blueiris.EnvisalinkListener - Connecting to Envisalink at localhost:4025
2025-08-12 01:52:45.224 [main] INFO  com.envisalink.blueiris.EnvisalinkListener - Successfully connected to Envisalink.
2025-08-12 01:52:45.224 [main] INFO  com.envisalink.blueiris.EnvisalinkListener - Disconnecting from Envisalink.
]]></system-out>
  </testcase>
  <testcase name="testPartitionArmAwayEvent" classname="com.envisalink.blueiris.EnvisalinkListenerTest" time="0.067">
    <system-out><![CDATA[2025-08-12 01:52:45.229 [main] INFO  com.envisalink.blueiris.EnvisalinkListener - Connecting to Envisalink at localhost:4025
2025-08-12 01:52:45.256 [main] INFO  com.envisalink.blueiris.EnvisalinkListener - Successfully connected to Envisalink.
2025-08-12 01:52:45.290 [main] INFO  com.envisalink.blueiris.EnvisalinkListener - Partition 1 has been armed (Away).
]]></system-out>
  </testcase>
  <testcase name="testPartitionDisarmedEvent" classname="com.envisalink.blueiris.EnvisalinkListenerTest" time="0.029">
    <system-out><![CDATA[2025-08-12 01:52:45.295 [main] INFO  com.envisalink.blueiris.EnvisalinkListener - Connecting to Envisalink at localhost:4025
2025-08-12 01:52:45.296 [main] INFO  com.envisalink.blueiris.EnvisalinkListener - Successfully connected to Envisalink.
2025-08-12 01:52:45.320 [main] INFO  com.envisalink.blueiris.EnvisalinkListener - Partition 2 has been disarmed.
]]></system-out>
  </testcase>
  <testcase name="testPartitionArmStayEventIsIgnored" classname="com.envisalink.blueiris.EnvisalinkListenerTest" time="0.006">
    <system-out><![CDATA[2025-08-12 01:52:45.325 [main] INFO  com.envisalink.blueiris.EnvisalinkListener - Connecting to Envisalink at localhost:4025
2025-08-12 01:52:45.326 [main] INFO  com.envisalink.blueiris.EnvisalinkListener - Successfully connected to Envisalink.
]]></system-out>
  </testcase>
</testsuite>